[2017-09-04 16:43:28.279] [ERROR] error - TypeError: seed.update is not a function
    at D:\work\nodejs\dog\controller\seed.js:32:16
    at <anonymous>
    at process._tickCallback (internal/process/next_tick.js:169:7)
[2017-09-04 16:44:02.346] [ERROR] error - TypeError: seed.update is not a function
    at D:\work\nodejs\dog\controller\seed.js:32:16
    at <anonymous>
    at process._tickCallback (internal/process/next_tick.js:169:7)
[2017-09-04 16:44:03.998] [ERROR] error - TypeError: seed.update is not a function
    at D:\work\nodejs\dog\controller\seed.js:32:16
    at <anonymous>
    at process._tickCallback (internal/process/next_tick.js:169:7)
[2017-09-04 16:45:37.835] [ERROR] error - TypeError: Cannot read property 'toString' of undefined
    at Object.text (D:\work\nodejs\dog\lib\mvc.js:12:15)
    at D:\work\nodejs\dog\controller\seed.js:47:7
    at <anonymous>
    at process._tickCallback (internal/process/next_tick.js:169:7)
[2017-09-04 16:45:53.465] [ERROR] error - TypeError: Cannot read property 'toString' of undefined
    at Object.text (D:\work\nodejs\dog\lib\mvc.js:12:15)
    at D:\work\nodejs\dog\controller\seed.js:47:7
    at <anonymous>
    at process._tickCallback (internal/process/next_tick.js:169:7)
[2017-09-04 16:46:59.422] [ERROR] error - TypeError: Cannot read property 'toString' of undefined
    at Object.text (D:\work\nodejs\dog\lib\mvc.js:12:15)
    at D:\work\nodejs\dog\controller\seed.js:47:7
    at <anonymous>
    at process._tickCallback (internal/process/next_tick.js:169:7)
[2017-09-04 16:48:09.034] [ERROR] error - TypeError: Cannot read property 'toString' of undefined
    at Object.text (D:\work\nodejs\dog\lib\mvc.js:15:16)
    at D:\work\nodejs\dog\controller\seed.js:47:7
    at <anonymous>
    at process._tickCallback (internal/process/next_tick.js:169:7)
[2017-09-04 16:49:34.160] [ERROR] error - TypeError: Cannot read property 'toString' of undefined
    at Object.text (D:\work\nodejs\dog\lib\mvc.js:15:16)
    at D:\work\nodejs\dog\controller\seed.js:48:7
    at <anonymous>
    at process._tickCallback (internal/process/next_tick.js:169:7)
[2017-09-04 16:50:41.004] [ERROR] error - TypeError: Cannot read property 'toString' of undefined
    at Object.text (D:\work\nodejs\dog\lib\mvc.js:12:15)
    at D:\work\nodejs\dog\controller\seed.js:48:7
    at <anonymous>
    at process._tickCallback (internal/process/next_tick.js:169:7)
[2017-09-04 16:51:55.822] [ERROR] error - Error: record don't exist
    at D:\work\nodejs\dog\controller\seed.js:21:10
    at <anonymous>
    at process._tickCallback (internal/process/next_tick.js:169:7)
[2017-09-04 16:51:56.990] [ERROR] error - Error: record don't exist
    at D:\work\nodejs\dog\controller\seed.js:21:10
    at <anonymous>
    at process._tickCallback (internal/process/next_tick.js:169:7)
