[2017-09-04 16:26:38.837] [DEBUG] sql - select * from dt_seed where fd_seed_tag = ?
[2017-09-04 16:28:35.841] [DEBUG] sql - select * from dt_seed where fd_seed_tag = ?
[2017-09-04 16:30:19.536] [DEBUG] sql - select * from dt_seed where fd_seed_tag = 'undefined'
[2017-09-04 16:30:22.048] [DEBUG] sql - select * from dt_seed where fd_seed_tag = 'undefined'
[2017-09-04 16:31:16.819] [DEBUG] sql - select * from dt_seed where fd_seed_tag = '1'
[2017-09-04 16:37:11.502] [DEBUG] sql - select * from dt_seed where fd_seed_tag = '1'
[2017-09-04 16:39:45.858] [DEBUG] sql - select * from dt_seed where fd_seed_tag = '1'
[2017-09-04 16:39:46.902] [DEBUG] sql - select * from dt_seed where fd_seed_tag = '1'
[2017-09-04 16:41:12.603] [DEBUG] sql - select * from dt_seed where fd_seed_tag = '1'
[2017-09-04 16:41:13.415] [DEBUG] sql - select * from dt_seed where fd_seed_tag = '1'
[2017-09-04 16:42:25.829] [DEBUG] sql - select * from dt_seed where fd_seed_tag = '1'
[2017-09-04 16:43:04.084] [DEBUG] sql - select * from dt_seed where fd_seed_tag = '1'
[2017-09-04 16:43:28.267] [DEBUG] sql - select * from dt_seed where fd_seed_tag = '1'
[2017-09-04 16:44:02.334] [DEBUG] sql - select * from dt_seed where fd_seed_tag = '1'
[2017-09-04 16:44:03.215] [DEBUG] sql - select * from dt_seed where fd_seed_tag = '1'
[2017-09-04 16:44:03.994] [DEBUG] sql - select * from dt_seed where fd_seed_tag = '1'
[2017-09-04 16:45:36.726] [DEBUG] sql - select * from dt_seed where fd_seed_tag = '1'
[2017-09-04 16:45:37.736] [DEBUG] sql - select * from dt_seed where fd_seed_tag = '1'
[2017-09-04 16:45:37.745] [DEBUG] sql - update dt_seed set fd_seed_index='1' where fd_seed_tag='1'
[2017-09-04 16:45:52.486] [DEBUG] sql - select * from dt_seed where fd_seed_tag = '1'
[2017-09-04 16:45:53.396] [DEBUG] sql - select * from dt_seed where fd_seed_tag = '1'
[2017-09-04 16:45:53.407] [DEBUG] sql - update dt_seed set fd_seed_index='1' where fd_seed_tag='1'
[2017-09-04 16:46:58.427] [DEBUG] sql - select * from dt_seed where fd_seed_tag = '1'
[2017-09-04 16:46:59.312] [DEBUG] sql - select * from dt_seed where fd_seed_tag = '1'
[2017-09-04 16:46:59.322] [DEBUG] sql - update dt_seed set fd_seed_index='1' where fd_seed_tag='1'
[2017-09-04 16:48:07.901] [DEBUG] sql - select * from dt_seed where fd_seed_tag = '1'
[2017-09-04 16:48:08.929] [DEBUG] sql - select * from dt_seed where fd_seed_tag = '1'
[2017-09-04 16:48:08.939] [DEBUG] sql - update dt_seed set fd_seed_index='1' where fd_seed_tag='1'
[2017-09-04 16:49:33.194] [DEBUG] sql - select * from dt_seed where fd_seed_tag = '1'
[2017-09-04 16:49:34.086] [DEBUG] sql - select * from dt_seed where fd_seed_tag = '1'
[2017-09-04 16:49:34.097] [DEBUG] sql - update dt_seed set fd_seed_index='1' where fd_seed_tag='1'
[2017-09-04 16:50:40.049] [DEBUG] sql - select * from dt_seed where fd_seed_tag = '1'
[2017-09-04 16:50:40.864] [DEBUG] sql - select * from dt_seed where fd_seed_tag = '1'
[2017-09-04 16:50:40.872] [DEBUG] sql - update dt_seed set fd_seed_index='1' where fd_seed_tag='1'
[2017-09-04 16:51:40.289] [DEBUG] sql - select * from dt_seed where fd_seed_tag = '1'
[2017-09-04 16:51:41.135] [DEBUG] sql - select * from dt_seed where fd_seed_tag = '1'
[2017-09-04 16:51:41.143] [DEBUG] sql - update dt_seed set fd_seed_index='1' where fd_seed_tag='1'
[2017-09-04 16:51:51.172] [DEBUG] sql - select * from dt_seed where fd_seed_tag = '1'
[2017-09-04 16:51:54.187] [DEBUG] sql - select * from dt_seed where fd_seed_tag = '1'
[2017-09-04 16:51:54.195] [DEBUG] sql - update dt_seed set fd_seed_index='13' where fd_seed_tag='1'
[2017-09-04 16:51:55.519] [DEBUG] sql - select * from dt_seed where fd_seed_tag = '1'
[2017-09-04 16:51:55.818] [DEBUG] sql - select * from dt_seed where fd_seed_tag = '20'
[2017-09-04 16:51:56.987] [DEBUG] sql - select * from dt_seed where fd_seed_tag = '10'
[2017-09-04 16:51:59.906] [DEBUG] sql - select * from dt_seed
[2017-09-04 16:52:47.626] [DEBUG] sql - select * from dt_seed
[2017-09-04 16:52:50.775] [DEBUG] sql - select * from dt_seed
[2017-09-04 16:52:55.873] [DEBUG] sql - select * from dt_seed
[2017-09-04 16:52:56.452] [DEBUG] sql - delete from dt_seed where fd_seed_tag = '1'
[2017-09-04 16:52:57.689] [DEBUG] sql - select * from dt_seed
[2017-09-04 16:52:58.267] [DEBUG] sql - select * from dt_seed
[2017-09-04 17:04:00.312] [DEBUG] sql - select * from dt_seed
[2017-09-04 17:04:17.534] [DEBUG] sql - select * from dt_seed
[2017-09-04 17:04:18.879] [DEBUG] sql - select * from dt_seed
[2017-09-04 17:04:23.731] [DEBUG] sql - select * from dt_seed
[2017-09-04 17:06:47.709] [DEBUG] sql - select * from dt_seed
[2017-09-04 17:07:28.151] [DEBUG] sql - select * from dt_seed where fd_seed_tag = '2'
[2017-09-04 17:07:29.272] [DEBUG] sql - select * from dt_seed
[2017-09-04 17:14:58.804] [DEBUG] sql - select * from dt_seed
[2017-09-04 17:15:00.008] [DEBUG] sql - select * from dt_seed
[2017-09-04 17:15:01.573] [DEBUG] sql - select * from dt_seed where fd_seed_tag = '2'
[2017-09-04 17:15:02.603] [DEBUG] sql - select * from dt_seed
[2017-09-04 17:15:03.934] [DEBUG] sql - select * from dt_seed where fd_seed_tag = '9'
